adding changesets
adding manifests
adding file changes
added 2 changesets with 8 changes to 7 files
(run 'hg update' to get a working copy)

adding changesets
adding manifests
adding file changes
added 2 changesets with 10 changes to 10 files
(run 'hg update' to get a working copy)

adding changesets
adding manifests
adding file changes
added 1 changesets with 6 changes to 6 files
(run 'hg update' to get a working copy)

adding changesets
adding manifests
adding file changes
added 1 changesets with 1 changes to 1 files
(run 'hg update' to get a working copy)

adding changesets
adding manifests
adding file changes
added 1 changesets with 7 changes to 7 files
(run 'hg update' to get a working copy)

adding changesets
adding manifests
adding file changes
added 1 changesets with 5 changes to 5 files
(run 'hg update' to get a working copy)

adding changesets
adding manifests
adding file changes
added 1 changesets with 1 changes to 1 files
(run 'hg update' to get a working copy)

adding changesets
adding manifests
adding file changes
added 1 changesets with 5 changes to 5 files
(run 'hg update' to get a working copy)

adding changesets
adding manifests
adding file changes
added 1 changesets with 2 changes to 2 files
(run 'hg update' to get a working copy)

adding changesets
adding manifests
adding file changes
added 1 changesets with 4 changes to 4 files
(run 'hg update' to get a working copy)

adding changesets
adding manifests
adding file changes
added 1 changesets with 5 changes to 5 files
(run 'hg update' to get a working copy)

adding changesets
adding manifests
adding file changes
added 1 changesets with 3 changes to 3 files
(run 'hg update' to get a working copy)

adding changesets
adding manifests
adding file changes
added 1 changesets with 1 changes to 1 files
(run 'hg update' to get a working copy)

